[debug] [2020-04-24T23:21:16.882Z] ----------------------------------------------------------------------
[debug] [2020-04-24T23:21:16.884Z] Command:       /usr/local/Cellar/node/13.13.0_1/bin/node /usr/local/bin/firebase serve --only functions
[debug] [2020-04-24T23:21:16.884Z] CLI Version:   8.0.3
[debug] [2020-04-24T23:21:16.885Z] Platform:      darwin
[debug] [2020-04-24T23:21:16.885Z] Node Version:  v13.13.0
[debug] [2020-04-24T23:21:16.886Z] Time:          Sat Apr 25 2020 07:21:16 GMT+0800 (Singapore Standard Time)
[debug] [2020-04-24T23:21:16.886Z] ----------------------------------------------------------------------
[debug] [2020-04-24T23:21:16.886Z] 
[debug] [2020-04-24T23:21:16.898Z] > command requires scopes: ["email","openid","https://www.googleapis.com/auth/cloudplatformprojects.readonly","https://www.googleapis.com/auth/firebase","https://www.googleapis.com/auth/cloud-platform"]
[debug] [2020-04-24T23:21:16.899Z] > authorizing via signed-in user
[debug] [2020-04-24T23:21:16.899Z] [iam] checking project databases-project-274715 for permissions ["firebase.projects.get"]
[debug] [2020-04-24T23:21:16.902Z] >>> HTTP REQUEST POST https://cloudresourcemanager.googleapis.com/v1/projects/databases-project-274715:testIamPermissions  
 {"permissions":["firebase.projects.get"]}
[debug] [2020-04-24T23:21:18.299Z] <<< HTTP RESPONSE 200 {"content-type":"application/json; charset=UTF-8","vary":"X-Origin, Referer, Origin,Accept-Encoding","date":"Fri, 24 Apr 2020 23:21:18 GMT","server":"ESF","cache-control":"private","x-xss-protection":"0","x-frame-options":"SAMEORIGIN","x-content-type-options":"nosniff","server-timing":"gfet4t7; dur=1230","alt-svc":"quic=\":443\"; ma=2592000; v=\"46,43\",h3-Q050=\":443\"; ma=2592000,h3-Q049=\":443\"; ma=2592000,h3-Q048=\":443\"; ma=2592000,h3-Q046=\":443\"; ma=2592000,h3-Q043=\":443\"; ma=2592000,h3-T050=\":443\"; ma=2592000","accept-ranges":"none","transfer-encoding":"chunked"}
[debug] [2020-04-24T23:21:18.301Z] >>> HTTP REQUEST GET https://firebase.googleapis.com/v1beta1/projects/databases-project-274715  
 
[debug] [2020-04-24T23:21:18.779Z] <<< HTTP RESPONSE 200 {"content-type":"application/json; charset=UTF-8","vary":"X-Origin, Referer, Origin,Accept-Encoding","date":"Fri, 24 Apr 2020 23:21:18 GMT","server":"ESF","cache-control":"private","x-xss-protection":"0","x-frame-options":"SAMEORIGIN","x-content-type-options":"nosniff","alt-svc":"quic=\":443\"; ma=2592000; v=\"46,43\",h3-Q050=\":443\"; ma=2592000,h3-Q049=\":443\"; ma=2592000,h3-Q048=\":443\"; ma=2592000,h3-Q046=\":443\"; ma=2592000,h3-Q043=\":443\"; ma=2592000,h3-T050=\":443\"; ma=2592000","accept-ranges":"none","transfer-encoding":"chunked"}
[warn] ⚠  Your requested "node" version "8" doesn't match your global version "13"
[info] ✔  functions: functions emulator started at http://localhost:5000
[info] i  functions: Watching "/Users/yifanlim/databases/functions" for Cloud Functions...
[debug] [2020-04-24T23:21:18.818Z] [worker-pool] addWorker(~diagnostic~) 
[debug] [2020-04-24T23:21:18.818Z] [worker-pool] Adding worker with key ~diagnostic~, total=1 
[debug] [2020-04-24T23:21:18.818Z] [worker-pool] submitWork(triggerId=) 
[debug] [2020-04-24T23:21:18.819Z] [worker-~diagnostic~-15132fe2-c056-487d-a6d7-661b1c4f00c8]: Assigning socketPath: /var/folders/3h/q7f4j7lx1q1g02zkdptyd8fh0000gn/T/fire_emu_44389.sock 
[debug] [2020-04-24T23:21:18.820Z] [worker-~diagnostic~-15132fe2-c056-487d-a6d7-661b1c4f00c8]: BUSY 
[debug] [2020-04-24T23:21:19.274Z] [runtime-status] [44389] Functions runtime initialized. {"cwd":"/Users/yifanlim/databases/functions","node_version":"13.13.0"} 
[debug] [2020-04-24T23:21:19.276Z] [runtime-status] [44389] Disabled runtime features: undefined 
[debug] [2020-04-24T23:21:19.281Z] [runtime-status] [44389] Resolved module firebase-admin {"declared":true,"installed":true,"version":"8.11.0","resolution":"/Users/yifanlim/databases/functions/node_modules/firebase-admin/lib/index.js"} 
[debug] [2020-04-24T23:21:19.282Z] [runtime-status] [44389] Resolved module firebase-functions {"declared":true,"installed":true,"version":"3.6.1","resolution":"/Users/yifanlim/databases/functions/node_modules/firebase-functions/lib/index.js"} 
[debug] [2020-04-24T23:21:19.284Z] [runtime-status] [44389] Outgoing network have been stubbed. [{"name":"http","status":"mocked"},{"name":"http","status":"mocked"},{"name":"https","status":"mocked"},{"name":"https","status":"mocked"},{"name":"net","status":"mocked"}] 
[debug] [2020-04-24T23:21:19.362Z] [runtime-status] [44389] Checked functions.config() {"config":{}} 
[debug] [2020-04-24T23:21:19.363Z] [runtime-status] [44389] Resolved module firebase-functions {"declared":true,"installed":true,"version":"3.6.1","resolution":"/Users/yifanlim/databases/functions/node_modules/firebase-functions/lib/index.js"} 
[debug] [2020-04-24T23:21:19.364Z] [runtime-status] [44389] Resolved module firebase-admin {"declared":true,"installed":true,"version":"8.11.0","resolution":"/Users/yifanlim/databases/functions/node_modules/firebase-admin/lib/index.js"} 
[debug] [2020-04-24T23:21:19.364Z] [runtime-status] [44389] Resolved module firebase-functions {"declared":true,"installed":true,"version":"3.6.1","resolution":"/Users/yifanlim/databases/functions/node_modules/firebase-functions/lib/index.js"} 
[debug] [2020-04-24T23:21:19.365Z] [runtime-status] [44389] firebase-admin has been stubbed. {"adminResolution":{"declared":true,"installed":true,"version":"8.11.0","resolution":"/Users/yifanlim/databases/functions/node_modules/firebase-admin/lib/index.js"}} 
[info] ✔  functions[createUniversityMember]: http function initialized (http://localhost:5000/databases-project-274715/us-central1/createUniversityMember).
[info] ✔  functions[createHat]: http function initialized (http://localhost:5000/databases-project-274715/us-central1/createHat).
[info] ✔  functions[createHippo]: http function initialized (http://localhost:5000/databases-project-274715/us-central1/createHippo).
[info] ✔  functions[getHippos]: http function initialized (http://localhost:5000/databases-project-274715/us-central1/getHippos).
[debug] [2020-04-24T23:21:20.047Z] [worker-~diagnostic~-15132fe2-c056-487d-a6d7-661b1c4f00c8]: IDLE 
[debug] [2020-04-24T23:21:27.772Z] [work-queue] {"queueLength":1,"workRunningCount":0}
[debug] [2020-04-24T23:21:27.773Z] [work-queue] {"queueLength":0,"workRunningCount":1}
[debug] [2020-04-24T23:21:27.773Z] Accepted request POST /databases-project-274715/us-central1/createUniversityMember --> createUniversityMember
[debug] [2020-04-24T23:21:27.780Z] [worker-pool] addWorker(createUniversityMember) 
[debug] [2020-04-24T23:21:27.780Z] [worker-pool] Adding worker with key createUniversityMember, total=1 
[debug] [2020-04-24T23:21:27.781Z] [worker-pool] submitWork(triggerId=createUniversityMember) 
[debug] [2020-04-24T23:21:27.781Z] [worker-createUniversityMember-394afe0d-90d8-4b96-9a76-ea363ec5a457]: Assigning socketPath: /var/folders/3h/q7f4j7lx1q1g02zkdptyd8fh0000gn/T/fire_emu_44390.sock 
[debug] [2020-04-24T23:21:27.781Z] [worker-createUniversityMember-394afe0d-90d8-4b96-9a76-ea363ec5a457]: BUSY 
[debug] [2020-04-24T23:21:28.217Z] [runtime-status] [44390] Functions runtime initialized. {"cwd":"/Users/yifanlim/databases/functions","node_version":"13.13.0"} 
[debug] [2020-04-24T23:21:28.220Z] [runtime-status] [44390] Disabled runtime features: undefined 
[debug] [2020-04-24T23:21:28.222Z] [runtime-status] [44390] Resolved module firebase-admin {"declared":true,"installed":true,"version":"8.11.0","resolution":"/Users/yifanlim/databases/functions/node_modules/firebase-admin/lib/index.js"} 
[debug] [2020-04-24T23:21:28.224Z] [runtime-status] [44390] Resolved module firebase-functions {"declared":true,"installed":true,"version":"3.6.1","resolution":"/Users/yifanlim/databases/functions/node_modules/firebase-functions/lib/index.js"} 
[debug] [2020-04-24T23:21:28.228Z] [runtime-status] [44390] Outgoing network have been stubbed. [{"name":"http","status":"mocked"},{"name":"http","status":"mocked"},{"name":"https","status":"mocked"},{"name":"https","status":"mocked"},{"name":"net","status":"mocked"}] 
[debug] [2020-04-24T23:21:28.267Z] [runtime-status] [44390] Checked functions.config() {"config":{}} 
[debug] [2020-04-24T23:21:28.268Z] [runtime-status] [44390] Resolved module firebase-functions {"declared":true,"installed":true,"version":"3.6.1","resolution":"/Users/yifanlim/databases/functions/node_modules/firebase-functions/lib/index.js"} 
[debug] [2020-04-24T23:21:28.270Z] [runtime-status] [44390] Resolved module firebase-admin {"declared":true,"installed":true,"version":"8.11.0","resolution":"/Users/yifanlim/databases/functions/node_modules/firebase-admin/lib/index.js"} 
[debug] [2020-04-24T23:21:28.270Z] [runtime-status] [44390] Resolved module firebase-functions {"declared":true,"installed":true,"version":"3.6.1","resolution":"/Users/yifanlim/databases/functions/node_modules/firebase-functions/lib/index.js"} 
[debug] [2020-04-24T23:21:28.271Z] [runtime-status] [44390] firebase-admin has been stubbed. {"adminResolution":{"declared":true,"installed":true,"version":"8.11.0","resolution":"/Users/yifanlim/databases/functions/node_modules/firebase-admin/lib/index.js"}} 
[debug] [2020-04-24T23:21:28.699Z] [runtime-status] [44390] Trigger "createUniversityMember" has been found, beginning invocation! 
[info] i  functions: Beginning execution of "createUniversityMember"
[debug] [2020-04-24T23:21:28.700Z] [runtime-status] [44390] triggerDefinition {"httpsTrigger":{},"name":"createUniversityMember","entryPoint":"createUniversityMember"} 
[debug] [2020-04-24T23:21:28.700Z] [runtime-status] [44390] Running createUniversityMember in mode HTTPS 
[debug] [2020-04-24T23:21:28.706Z] [runtime-status] [44390] Attempting to listen to socketPath: /var/folders/3h/q7f4j7lx1q1g02zkdptyd8fh0000gn/T/fire_emu_44390.sock 
[debug] [2020-04-24T23:21:28.712Z] [functions] Runtime ready! Sending request! 
[debug] [2020-04-24T23:21:28.737Z] [runtime-status] [44390] Ephemeral server handling POST request 
[debug] [2020-04-24T23:21:36.759Z] [runtime-status] [44390] Ephemeral server survived. 
[warn] ⚠  functions: QueryFailedError: ER_BAD_NULL_ERROR: Column 'middleName' cannot be null
    at new QueryFailedError (/Users/yifanlim/databases/functions/node_modules/typeorm/error/QueryFailedError.js:11:28)
    at Query.<anonymous> (/Users/yifanlim/databases/functions/node_modules/typeorm/driver/mysql/MysqlQueryRunner.js:170:45)
    at Query.<anonymous> (/Users/yifanlim/databases/functions/node_modules/mysql/lib/Connection.js:526:10)
    at Query._callback (/Users/yifanlim/databases/functions/node_modules/mysql/lib/Connection.js:488:16)
    at Query.Sequence.end (/Users/yifanlim/databases/functions/node_modules/mysql/lib/protocol/sequences/Sequence.js:83:24)
    at Query.ErrorPacket (/Users/yifanlim/databases/functions/node_modules/mysql/lib/protocol/sequences/Query.js:92:8)
    at Protocol._parsePacket (/Users/yifanlim/databases/functions/node_modules/mysql/lib/protocol/Protocol.js:291:23)
    at Parser._parsePacket (/Users/yifanlim/databases/functions/node_modules/mysql/lib/protocol/Parser.js:433:10)
    at Parser.write (/Users/yifanlim/databases/functions/node_modules/mysql/lib/protocol/Parser.js:43:10)
    at Protocol.write (/Users/yifanlim/databases/functions/node_modules/mysql/lib/protocol/Protocol.js:38:16)
[warn] ⚠  Your function was killed because it raised an unhandled error.
[debug] [2020-04-24T23:21:36.775Z] [worker-createUniversityMember-394afe0d-90d8-4b96-9a76-ea363ec5a457]: exited 
[debug] [2020-04-24T23:21:36.776Z] [worker-createUniversityMember-394afe0d-90d8-4b96-9a76-ea363ec5a457]: FINISHED 
[debug] [2020-04-24T23:21:36.776Z] [work-queue] {"queueLength":0,"workRunningCount":0}
[debug] [2020-04-24T23:21:54.677Z] [work-queue] {"queueLength":1,"workRunningCount":0}
[debug] [2020-04-24T23:21:54.677Z] [work-queue] {"queueLength":0,"workRunningCount":1}
[debug] [2020-04-24T23:21:54.678Z] Accepted request POST /databases-project-274715/us-central1/createUniversityMember --> createUniversityMember
[debug] [2020-04-24T23:21:54.678Z] [worker-pool] Cleaned up workers for createUniversityMember: 1 --> 0 
[debug] [2020-04-24T23:21:54.683Z] [worker-pool] addWorker(createUniversityMember) 
[debug] [2020-04-24T23:21:54.684Z] [worker-pool] Adding worker with key createUniversityMember, total=1 
[debug] [2020-04-24T23:21:54.684Z] [worker-pool] submitWork(triggerId=createUniversityMember) 
[debug] [2020-04-24T23:21:54.685Z] [worker-createUniversityMember-056d6338-2d38-4563-be9a-e51ee0c70590]: Assigning socketPath: /var/folders/3h/q7f4j7lx1q1g02zkdptyd8fh0000gn/T/fire_emu_44392.sock 
[debug] [2020-04-24T23:21:54.685Z] [worker-createUniversityMember-056d6338-2d38-4563-be9a-e51ee0c70590]: BUSY 
[debug] [2020-04-24T23:21:55.028Z] [runtime-status] [44392] Functions runtime initialized. {"cwd":"/Users/yifanlim/databases/functions","node_version":"13.13.0"} 
[debug] [2020-04-24T23:21:55.030Z] [runtime-status] [44392] Disabled runtime features: undefined 
[debug] [2020-04-24T23:21:55.034Z] [runtime-status] [44392] Resolved module firebase-admin {"declared":true,"installed":true,"version":"8.11.0","resolution":"/Users/yifanlim/databases/functions/node_modules/firebase-admin/lib/index.js"} 
[debug] [2020-04-24T23:21:55.035Z] [runtime-status] [44392] Resolved module firebase-functions {"declared":true,"installed":true,"version":"3.6.1","resolution":"/Users/yifanlim/databases/functions/node_modules/firebase-functions/lib/index.js"} 
[debug] [2020-04-24T23:21:55.037Z] [runtime-status] [44392] Outgoing network have been stubbed. [{"name":"http","status":"mocked"},{"name":"http","status":"mocked"},{"name":"https","status":"mocked"},{"name":"https","status":"mocked"},{"name":"net","status":"mocked"}] 
[debug] [2020-04-24T23:21:55.078Z] [runtime-status] [44392] Checked functions.config() {"config":{}} 
[debug] [2020-04-24T23:21:55.079Z] [runtime-status] [44392] Resolved module firebase-functions {"declared":true,"installed":true,"version":"3.6.1","resolution":"/Users/yifanlim/databases/functions/node_modules/firebase-functions/lib/index.js"} 
[debug] [2020-04-24T23:21:55.081Z] [runtime-status] [44392] Resolved module firebase-admin {"declared":true,"installed":true,"version":"8.11.0","resolution":"/Users/yifanlim/databases/functions/node_modules/firebase-admin/lib/index.js"} 
[debug] [2020-04-24T23:21:55.081Z] [runtime-status] [44392] Resolved module firebase-functions {"declared":true,"installed":true,"version":"3.6.1","resolution":"/Users/yifanlim/databases/functions/node_modules/firebase-functions/lib/index.js"} 
[debug] [2020-04-24T23:21:55.081Z] [runtime-status] [44392] firebase-admin has been stubbed. {"adminResolution":{"declared":true,"installed":true,"version":"8.11.0","resolution":"/Users/yifanlim/databases/functions/node_modules/firebase-admin/lib/index.js"}} 
[debug] [2020-04-24T23:21:55.501Z] [runtime-status] [44392] Trigger "createUniversityMember" has been found, beginning invocation! 
[info] i  functions: Beginning execution of "createUniversityMember"
[debug] [2020-04-24T23:21:55.502Z] [runtime-status] [44392] triggerDefinition {"httpsTrigger":{},"name":"createUniversityMember","entryPoint":"createUniversityMember"} 
[debug] [2020-04-24T23:21:55.502Z] [runtime-status] [44392] Running createUniversityMember in mode HTTPS 
[debug] [2020-04-24T23:21:55.508Z] [runtime-status] [44392] Attempting to listen to socketPath: /var/folders/3h/q7f4j7lx1q1g02zkdptyd8fh0000gn/T/fire_emu_44392.sock 
[debug] [2020-04-24T23:21:55.513Z] [functions] Runtime ready! Sending request! 
[debug] [2020-04-24T23:21:55.538Z] [runtime-status] [44392] Ephemeral server handling POST request 
[debug] [2020-04-24T23:22:01.667Z] [runtime-status] [44392] Ephemeral server survived. 
[info] i  functions: Finished "createUniversityMember" in ~6s
[debug] [2020-04-24T23:22:01.668Z] [worker-createUniversityMember-056d6338-2d38-4563-be9a-e51ee0c70590]: IDLE 
[debug] [2020-04-24T23:22:01.669Z] [work-queue] {"queueLength":0,"workRunningCount":0}
